C:\Program Files (x86)\Microsoft Visual Studio\2017\Community\Common7\IDE\VC\VCTargets\Microsoft.CppBuild.targets(372,5): warning MSB8004: Intermediate Directory does not end with a trailing slash.  This build instance will add the slash as it is required to allow proper evaluation of the Intermediate Directory.
C:\Program Files (x86)\Microsoft Visual Studio\2017\Community\Common7\IDE\VC\VCTargets\Microsoft.CppBuild.targets(373,5): warning MSB8004: Output Directory does not end with a trailing slash.  This build instance will add the slash as it is required to allow proper evaluation of the Output Directory.
  PolarEngine.cpp
f:\github\game-engine-dev-ii\source\sfmlproject\polarengine.cpp(20): warning C4244: 'initializing': conversion from 'double' to 'long', possible loss of data
f:\github\game-engine-dev-ii\source\sfmlproject\polarengine.cpp(31): warning C4244: 'initializing': conversion from '__int64' to 'int', possible loss of data
  Main.cpp
  GameObjectManager.cpp
  GameObject.cpp
f:\github\game-engine-dev-ii\source\sfmlproject\gameobjectmanager.h(15): error C2143: syntax error: missing ';' before '*'
f:\github\game-engine-dev-ii\source\sfmlproject\gameobjectmanager.h(15): error C4430: missing type specifier - int assumed. Note: C++ does not support default-int
f:\github\game-engine-dev-ii\source\sfmlproject\gameobjectmanager.h(15): error C2238: unexpected token(s) preceding ';'
f:\github\game-engine-dev-ii\source\sfmlproject\gameobjectmanager.h(23): error C2065: 'GameObject': undeclared identifier
f:\github\game-engine-dev-ii\source\sfmlproject\gameobjectmanager.h(23): error C2059: syntax error: '>'
f:\github\game-engine-dev-ii\source\sfmlproject\gameobjectmanager.h(23): error C2976: 'std::map': too few template arguments
  c:\program files (x86)\microsoft visual studio\2017\community\vc\tools\msvc\14.11.25503\include\map(73): note: see declaration of 'std::map'
f:\github\game-engine-dev-ii\source\sfmlproject\gameobject.cpp(86): warning C4065: switch statement contains 'default' but no 'case' labels
  TransformComponent.cpp
f:\github\game-engine-dev-ii\source\sfmlproject\gameobject.h(37): error C3646: 'Local_transform': unknown override specifier
f:\github\game-engine-dev-ii\source\sfmlproject\gameobject.h(37): error C4430: missing type specifier - int assumed. Note: C++ does not support default-int
  Player.cpp
  BaseMessage.cpp
  BaseComponent.cpp
  Generating Code...
